<?xml version="1.0"?>
<!--Phoronix Test Suite v8.2.0-->
<PhoronixTestSuite>
  <TestInformation>
    <Title>Memtester</Title>
    <AppVersion>4.3.0</AppVersion>
    <Description>A user-space utility for testing the memory subsystem for faults.</Description>
    <ResultScale>Seconds</ResultScale>
    <Proportion>LIB</Proportion>
    <SubTitle></SubTitle>
    <Executable></Executable>
    <TimesToRun>3</TimesToRun>
  </TestInformation>
  <TestProfile>
    <Version>1.0.0</Version>
    <SupportedPlatforms>Linux,BSD</SupportedPlatforms>
    <SoftwareType>Utility</SoftwareType>
    <TestType>Memory</TestType>
    <License>Free</License>
    <Status>Verified</Status>
    <ExternalDependencies>common-dependencies</ExternalDependencies>
    <EnvironmentSize>1</EnvironmentSize>
    <ProjectURL>http://pyropus.ca/software/memtester/</ProjectURL>
    <Maintainer>loader</Maintainer>
  </TestProfile>
  <TestSettings>
    <Default>
      <Arguments>1m 10</Arguments>
    </Default>
  </TestSettings>
</PhoronixTestSuite>
